<?xml version="1.0" encoding="UTF-8"?>
<testng-results ignored="0" total="1" passed="1" failed="0" skipped="0">
  <reporter-output>
  </reporter-output>
  <suite started-at="2023-12-01T18:07:07 IST" name="Default suite" finished-at="2023-12-01T18:07:12 IST" duration-ms="4690">
    <groups>
    </groups>
    <test started-at="2023-12-01T18:07:07 IST" name="Default test" finished-at="2023-12-01T18:07:12 IST" duration-ms="4690">
      <class name="Day7.Authentications">
        <test-method signature="testBasicAuthentication()[pri:0, instance:Day7.Authentications@32502377]" started-at="2023-12-01T18:07:07 IST" name="testBasicAuthentication" finished-at="2023-12-01T18:07:12 IST" duration-ms="4644" status="PASS">
          <reporter-output>
          </reporter-output>
        </test-method> <!-- testBasicAuthentication -->
      </class> <!-- Day7.Authentications -->
    </test> <!-- Default test -->
  </suite> <!-- Default suite -->
</testng-results>
