<?xml version="1.0" encoding="UTF-8"?>
<testng-results ignored="0" total="3" passed="3" failed="0" skipped="0">
  <reporter-output>
  </reporter-output>
  <suite started-at="2023-11-23T17:51:24 IST" name="Default suite" finished-at="2023-11-23T17:51:28 IST" duration-ms="3982">
    <groups>
    </groups>
    <test started-at="2023-11-23T17:51:24 IST" name="Default test" finished-at="2023-11-23T17:51:28 IST" duration-ms="3982">
      <class name="Day1.HTTPRequests">
        <test-method signature="getUser()[pri:1, instance:Day1.HTTPRequests@4dbb42b7]" started-at="2023-11-23T17:51:24 IST" name="getUser" finished-at="2023-11-23T17:51:26 IST" duration-ms="2158" status="PASS">
          <reporter-output>
          </reporter-output>
        </test-method> <!-- getUser -->
        <test-method signature="createUser()[pri:2, instance:Day1.HTTPRequests@4dbb42b7]" started-at="2023-11-23T17:51:26 IST" name="createUser" finished-at="2023-11-23T17:51:27 IST" duration-ms="1070" status="PASS">
          <reporter-output>
          </reporter-output>
        </test-method> <!-- createUser -->
        <test-method signature="updateUser()[pri:3, instance:Day1.HTTPRequests@4dbb42b7]" started-at="2023-11-23T17:51:27 IST" name="updateUser" finished-at="2023-11-23T17:51:28 IST" depends-on-methods="Day1.HTTPRequests.createUser" duration-ms="697" status="PASS">
          <reporter-output>
          </reporter-output>
        </test-method> <!-- updateUser -->
      </class> <!-- Day1.HTTPRequests -->
    </test> <!-- Default test -->
  </suite> <!-- Default suite -->
</testng-results>
