<?xml version="1.0" encoding="UTF-8"?>
<!-- Generated by org.testng.reporters.JUnitXMLReporter -->
<testsuite ignored="0" hostname="DESKTOP-5IK2IB9" failures="0" tests="3" name="Default test" time="3.982" errors="0" timestamp="2023-11-23T17:51:28 IST">
  <testcase classname="Day1.HTTPRequests" name="getUser" time="2.158"/>
  <testcase classname="Day1.HTTPRequests" name="createUser" time="1.07"/>
  <testcase classname="Day1.HTTPRequests" name="updateUser" time="0.697"/>
</testsuite> <!-- Default test -->
